Start testing: Aug 17 13:14 PDT
----------------------------------------------------------
1/37 Testing: MIR4D_BuildCheck
1/37 Test: MIR4D_BuildCheck
Command: "/Users/sergejstepovoj/Desktop/mir4d/GitHubMir4D/build-asan/MIR4D_BuildCheck"
Directory: /Users/sergejstepovoj/Desktop/mir4d/GitHubMir4D/build-asan
"MIR4D_BuildCheck" start time: Aug 17 13:14 PDT
Output:
----------------------------------------------------------
<end of output>
Test time =   0.51 sec
----------------------------------------------------------
Test Passed.
"MIR4D_BuildCheck" end time: Aug 17 13:14 PDT
"MIR4D_BuildCheck" time elapsed: 00:00:00
----------------------------------------------------------

2/37 Testing: MIR4D_Integration4D
2/37 Test: MIR4D_Integration4D
Command: "/Users/sergejstepovoj/Desktop/mir4d/GitHubMir4D/build-asan/MIR4D_Integration4D"
Directory: /Users/sergejstepovoj/Desktop/mir4d/GitHubMir4D/build-asan
"MIR4D_Integration4D" start time: Aug 17 13:14 PDT
Output:
----------------------------------------------------------
<end of output>
Test time =   0.21 sec
----------------------------------------------------------
Test Passed.
"MIR4D_Integration4D" end time: Aug 17 13:14 PDT
"MIR4D_Integration4D" time elapsed: 00:00:00
----------------------------------------------------------

3/37 Testing: MIR4D_StlRoundTrip
3/37 Test: MIR4D_StlRoundTrip
Command: "/Users/sergejstepovoj/Desktop/mir4d/GitHubMir4D/build-asan/MIR4D_StlRoundTrip"
Directory: /Users/sergejstepovoj/Desktop/mir4d/GitHubMir4D/build-asan
"MIR4D_StlRoundTrip" start time: Aug 17 13:14 PDT
Output:
----------------------------------------------------------
MIR4D STL round-trip: OK
<end of output>
Test time =   0.21 sec
----------------------------------------------------------
Test Passed.
"MIR4D_StlRoundTrip" end time: Aug 17 13:14 PDT
"MIR4D_StlRoundTrip" time elapsed: 00:00:00
----------------------------------------------------------

4/37 Testing: MIR4D_StepImporter
4/37 Test: MIR4D_StepImporter
Command: "/Users/sergejstepovoj/Desktop/mir4d/GitHubMir4D/build-asan/MIR4D_StepImporter"
Directory: /Users/sergejstepovoj/Desktop/mir4d/GitHubMir4D/build-asan
"MIR4D_StepImporter" start time: Aug 17 13:14 PDT
Output:
----------------------------------------------------------
STEP export: triangles=4 error=''
STEP import: triangles=4 error=''
STEP round-trip OK
<end of output>
Test time =   0.21 sec
----------------------------------------------------------
Test Passed.
"MIR4D_StepImporter" end time: Aug 17 13:14 PDT
"MIR4D_StepImporter" time elapsed: 00:00:00
----------------------------------------------------------

5/37 Testing: MIR4D_AssimpImport
5/37 Test: MIR4D_AssimpImport
Command: "/Users/sergejstepovoj/Desktop/mir4d/GitHubMir4D/build-asan/MIR4D_AssimpImport"
Directory: /Users/sergejstepovoj/Desktop/mir4d/GitHubMir4D/build-asan
"MIR4D_AssimpImport" start time: Aug 17 13:14 PDT
Output:
----------------------------------------------------------
MIR4D Assimp import (OBJ): OK, triangles=12
<end of output>
Test time =   0.23 sec
----------------------------------------------------------
Test Passed.
"MIR4D_AssimpImport" end time: Aug 17 13:14 PDT
"MIR4D_AssimpImport" time elapsed: 00:00:00
----------------------------------------------------------

6/37 Testing: MIR4D_DocumentRenderBridge
6/37 Test: MIR4D_DocumentRenderBridge
Command: "/Users/sergejstepovoj/Desktop/mir4d/GitHubMir4D/build-asan/MIR4D_DocumentRenderBridge"
Directory: /Users/sergejstepovoj/Desktop/mir4d/GitHubMir4D/build-asan
"MIR4D_DocumentRenderBridge" start time: Aug 17 13:14 PDT
Output:
----------------------------------------------------------
<end of output>
Test time =   0.20 sec
----------------------------------------------------------
Test Passed.
"MIR4D_DocumentRenderBridge" end time: Aug 17 13:14 PDT
"MIR4D_DocumentRenderBridge" time elapsed: 00:00:00
----------------------------------------------------------

7/37 Testing: MIR4D_RenderCamera
7/37 Test: MIR4D_RenderCamera
Command: "/Users/sergejstepovoj/Desktop/mir4d/GitHubMir4D/build-asan/MIR4D_RenderCamera"
Directory: /Users/sergejstepovoj/Desktop/mir4d/GitHubMir4D/build-asan
"MIR4D_RenderCamera" start time: Aug 17 13:14 PDT
Output:
----------------------------------------------------------
<end of output>
Test time =   0.20 sec
----------------------------------------------------------
Test Passed.
"MIR4D_RenderCamera" end time: Aug 17 13:14 PDT
"MIR4D_RenderCamera" time elapsed: 00:00:00
----------------------------------------------------------

8/37 Testing: MIR4D_RayPicker
8/37 Test: MIR4D_RayPicker
Command: "/Users/sergejstepovoj/Desktop/mir4d/GitHubMir4D/build-asan/MIR4D_RayPicker"
Directory: /Users/sergejstepovoj/Desktop/mir4d/GitHubMir4D/build-asan
"MIR4D_RayPicker" start time: Aug 17 13:14 PDT
Output:
----------------------------------------------------------
MIR4D RAYPICKER: OK
<end of output>
Test time =   0.20 sec
----------------------------------------------------------
Test Passed.
"MIR4D_RayPicker" end time: Aug 17 13:14 PDT
"MIR4D_RayPicker" time elapsed: 00:00:00
----------------------------------------------------------

9/37 Testing: MIR4D_CreateBox
9/37 Test: MIR4D_CreateBox
Command: "/Users/sergejstepovoj/Desktop/mir4d/GitHubMir4D/build-asan/MIR4D_CreateBox"
Directory: /Users/sergejstepovoj/Desktop/mir4d/GitHubMir4D/build-asan
"MIR4D_CreateBox" start time: Aug 17 13:14 PDT
Output:
----------------------------------------------------------
MIR4D CREATE_BOX: OK
<end of output>
Test time =   0.20 sec
----------------------------------------------------------
Test Passed.
"MIR4D_CreateBox" end time: Aug 17 13:14 PDT
"MIR4D_CreateBox" time elapsed: 00:00:00
----------------------------------------------------------

10/37 Testing: MIR4D_ObjectStore
10/37 Test: MIR4D_ObjectStore
Command: "/Users/sergejstepovoj/Desktop/mir4d/GitHubMir4D/build-asan/MIR4D_ObjectStore"
Directory: /Users/sergejstepovoj/Desktop/mir4d/GitHubMir4D/build-asan
"MIR4D_ObjectStore" start time: Aug 17 13:14 PDT
Output:
----------------------------------------------------------
<end of output>
Test time =   0.20 sec
----------------------------------------------------------
Test Passed.
"MIR4D_ObjectStore" end time: Aug 17 13:14 PDT
"MIR4D_ObjectStore" time elapsed: 00:00:00
----------------------------------------------------------

11/37 Testing: MIR4D_EngineDocumentBridge
11/37 Test: MIR4D_EngineDocumentBridge
Command: "/Users/sergejstepovoj/Desktop/mir4d/GitHubMir4D/build-asan/MIR4D_EngineDocumentBridge"
Directory: /Users/sergejstepovoj/Desktop/mir4d/GitHubMir4D/build-asan
"MIR4D_EngineDocumentBridge" start time: Aug 17 13:14 PDT
Output:
----------------------------------------------------------
MIR4D ENGINE DOCUMENT BRIDGE: OK
<end of output>
Test time =   0.21 sec
----------------------------------------------------------
Test Passed.
"MIR4D_EngineDocumentBridge" end time: Aug 17 13:14 PDT
"MIR4D_EngineDocumentBridge" time elapsed: 00:00:00
----------------------------------------------------------

12/37 Testing: MIR4D_BRepBox
12/37 Test: MIR4D_BRepBox
Command: "/Users/sergejstepovoj/Desktop/mir4d/GitHubMir4D/build-asan/MIR4D_BRepBox"
Directory: /Users/sergejstepovoj/Desktop/mir4d/GitHubMir4D/build-asan
"MIR4D_BRepBox" start time: Aug 17 13:14 PDT
Output:
----------------------------------------------------------
<end of output>
Test time =   0.20 sec
----------------------------------------------------------
Test Passed.
"MIR4D_BRepBox" end time: Aug 17 13:14 PDT
"MIR4D_BRepBox" time elapsed: 00:00:00
----------------------------------------------------------

13/37 Testing: MIR4D_BRepTopology
13/37 Test: MIR4D_BRepTopology
Command: "/Users/sergejstepovoj/Desktop/mir4d/GitHubMir4D/build-asan/MIR4D_BRepTopology"
Directory: /Users/sergejstepovoj/Desktop/mir4d/GitHubMir4D/build-asan
"MIR4D_BRepTopology" start time: Aug 17 13:14 PDT
Output:
----------------------------------------------------------
<end of output>
Test time =   0.20 sec
----------------------------------------------------------
Test Passed.
"MIR4D_BRepTopology" end time: Aug 17 13:14 PDT
"MIR4D_BRepTopology" time elapsed: 00:00:00
----------------------------------------------------------

14/37 Testing: MIR4D_BRepProfileExtrude
14/37 Test: MIR4D_BRepProfileExtrude
Command: "/Users/sergejstepovoj/Desktop/mir4d/GitHubMir4D/build-asan/MIR4D_BRepProfileExtrude"
Directory: /Users/sergejstepovoj/Desktop/mir4d/GitHubMir4D/build-asan
"MIR4D_BRepProfileExtrude" start time: Aug 17 13:14 PDT
Output:
----------------------------------------------------------
<end of output>
Test time =   0.20 sec
----------------------------------------------------------
Test Passed.
"MIR4D_BRepProfileExtrude" end time: Aug 17 13:14 PDT
"MIR4D_BRepProfileExtrude" time elapsed: 00:00:00
----------------------------------------------------------

15/37 Testing: MIR4D_BRepHeaderCheck
15/37 Test: MIR4D_BRepHeaderCheck
Command: "/Users/sergejstepovoj/Desktop/mir4d/GitHubMir4D/build-asan/MIR4D_BRepHeaderCheck"
Directory: /Users/sergejstepovoj/Desktop/mir4d/GitHubMir4D/build-asan
"MIR4D_BRepHeaderCheck" start time: Aug 17 13:14 PDT
Output:
----------------------------------------------------------
<end of output>
Test time =   0.20 sec
----------------------------------------------------------
Test Passed.
"MIR4D_BRepHeaderCheck" end time: Aug 17 13:14 PDT
"MIR4D_BRepHeaderCheck" time elapsed: 00:00:00
----------------------------------------------------------

16/37 Testing: MIR4D_BRepBoolean
16/37 Test: MIR4D_BRepBoolean
Command: "/Users/sergejstepovoj/Desktop/mir4d/GitHubMir4D/build-asan/MIR4D_BRepBoolean"
Directory: /Users/sergejstepovoj/Desktop/mir4d/GitHubMir4D/build-asan
"MIR4D_BRepBoolean" start time: Aug 17 13:14 PDT
Output:
----------------------------------------------------------
<end of output>
Test time =   0.23 sec
----------------------------------------------------------
Test Passed.
"MIR4D_BRepBoolean" end time: Aug 17 13:14 PDT
"MIR4D_BRepBoolean" time elapsed: 00:00:00
----------------------------------------------------------

17/37 Testing: MIR4D_GeometryQuery
17/37 Test: MIR4D_GeometryQuery
Command: "/Users/sergejstepovoj/Desktop/mir4d/GitHubMir4D/build-asan/MIR4D_GeometryQuery"
Directory: /Users/sergejstepovoj/Desktop/mir4d/GitHubMir4D/build-asan
"MIR4D_GeometryQuery" start time: Aug 17 13:14 PDT
Output:
----------------------------------------------------------
<end of output>
Test time =   0.19 sec
----------------------------------------------------------
Test Passed.
"MIR4D_GeometryQuery" end time: Aug 17 13:14 PDT
"MIR4D_GeometryQuery" time elapsed: 00:00:00
----------------------------------------------------------

18/37 Testing: MIR4D_SketchRectangleProfile
18/37 Test: MIR4D_SketchRectangleProfile
Command: "/Users/sergejstepovoj/Desktop/mir4d/GitHubMir4D/build-asan/MIR4D_SketchRectangleProfile"
Directory: /Users/sergejstepovoj/Desktop/mir4d/GitHubMir4D/build-asan
"MIR4D_SketchRectangleProfile" start time: Aug 17 13:14 PDT
Output:
----------------------------------------------------------
<end of output>
Test time =   0.20 sec
----------------------------------------------------------
Test Passed.
"MIR4D_SketchRectangleProfile" end time: Aug 17 13:14 PDT
"MIR4D_SketchRectangleProfile" time elapsed: 00:00:00
----------------------------------------------------------

19/37 Testing: MIR4D_SketchRectangleSolver
19/37 Test: MIR4D_SketchRectangleSolver
Command: "/Users/sergejstepovoj/Desktop/mir4d/GitHubMir4D/build-asan/MIR4D_SketchRectangleSolver"
Directory: /Users/sergejstepovoj/Desktop/mir4d/GitHubMir4D/build-asan
"MIR4D_SketchRectangleSolver" start time: Aug 17 13:14 PDT
Output:
----------------------------------------------------------
<end of output>
Test time =   0.20 sec
----------------------------------------------------------
Test Passed.
"MIR4D_SketchRectangleSolver" end time: Aug 17 13:14 PDT
"MIR4D_SketchRectangleSolver" time elapsed: 00:00:00
----------------------------------------------------------

20/37 Testing: MIR4D_WorkPlane
20/37 Test: MIR4D_WorkPlane
Command: "/Users/sergejstepovoj/Desktop/mir4d/GitHubMir4D/build-asan/MIR4D_WorkPlane"
Directory: /Users/sergejstepovoj/Desktop/mir4d/GitHubMir4D/build-asan
"MIR4D_WorkPlane" start time: Aug 17 13:14 PDT
Output:
----------------------------------------------------------
WorkPlaneTest: ALL PASSED
<end of output>
Test time =   0.20 sec
----------------------------------------------------------
Test Passed.
"MIR4D_WorkPlane" end time: Aug 17 13:14 PDT
"MIR4D_WorkPlane" time elapsed: 00:00:00
----------------------------------------------------------

21/37 Testing: MIR4D_SketchDocumentSolver
21/37 Test: MIR4D_SketchDocumentSolver
Command: "/Users/sergejstepovoj/Desktop/mir4d/GitHubMir4D/build-asan/MIR4D_SketchDocumentSolver"
Directory: /Users/sergejstepovoj/Desktop/mir4d/GitHubMir4D/build-asan
"MIR4D_SketchDocumentSolver" start time: Aug 17 13:14 PDT
Output:
----------------------------------------------------------
[PASS] Scenario 1: linked contour + equal/parallel/perpendicular/angle
[PASS] Scenario 2: circles concentric + equal radius
[PASS] Scenario 3: circle radius
[PASS] Scenario 4: tangent circle-to-line
[PASS] Scenario 5: coincident line join
[PASS] Scenario 6: closed rectangle (4 lines, loop)
All SketchDocumentSolver tests passed.
<end of output>
Test time =   0.20 sec
----------------------------------------------------------
Test Passed.
"MIR4D_SketchDocumentSolver" end time: Aug 17 13:14 PDT
"MIR4D_SketchDocumentSolver" time elapsed: 00:00:00
----------------------------------------------------------

22/37 Testing: MIR4D_ViewportFoundation
22/37 Test: MIR4D_ViewportFoundation
Command: "/Users/sergejstepovoj/Desktop/mir4d/GitHubMir4D/build-asan/MIR4D_ViewportFoundation"
Directory: /Users/sergejstepovoj/Desktop/mir4d/GitHubMir4D/build-asan
"MIR4D_ViewportFoundation" start time: Aug 17 13:14 PDT
Output:
----------------------------------------------------------
<end of output>
Test time =   0.21 sec
----------------------------------------------------------
Test Passed.
"MIR4D_ViewportFoundation" end time: Aug 17 13:14 PDT
"MIR4D_ViewportFoundation" time elapsed: 00:00:00
----------------------------------------------------------

23/37 Testing: MIR4D_ViewportRuntime
23/37 Test: MIR4D_ViewportRuntime
Command: "/Users/sergejstepovoj/Desktop/mir4d/GitHubMir4D/build-asan/MIR4D_ViewportRuntime"
Directory: /Users/sergejstepovoj/Desktop/mir4d/GitHubMir4D/build-asan
"MIR4D_ViewportRuntime" start time: Aug 17 13:14 PDT
Output:
----------------------------------------------------------
<end of output>
Test time =   0.20 sec
----------------------------------------------------------
Test Passed.
"MIR4D_ViewportRuntime" end time: Aug 17 13:14 PDT
"MIR4D_ViewportRuntime" time elapsed: 00:00:00
----------------------------------------------------------

24/37 Testing: MIR4D_ViewportController
24/37 Test: MIR4D_ViewportController
Command: "/Users/sergejstepovoj/Desktop/mir4d/GitHubMir4D/build-asan/MIR4D_ViewportController"
Directory: /Users/sergejstepovoj/Desktop/mir4d/GitHubMir4D/build-asan
"MIR4D_ViewportController" start time: Aug 17 13:14 PDT
Output:
----------------------------------------------------------
<end of output>
Test time =   0.20 sec
----------------------------------------------------------
Test Passed.
"MIR4D_ViewportController" end time: Aug 17 13:14 PDT
"MIR4D_ViewportController" time elapsed: 00:00:00
----------------------------------------------------------

25/37 Testing: MIR4D_Count
25/37 Test: MIR4D_Count
Command: "/Users/sergejstepovoj/Desktop/mir4d/GitHubMir4D/build-asan/MIR4D_Count"
Directory: /Users/sergejstepovoj/Desktop/mir4d/GitHubMir4D/build-asan
"MIR4D_Count" start time: Aug 17 13:14 PDT
Output:
----------------------------------------------------------
<end of output>
Test time =   0.20 sec
----------------------------------------------------------
Test Passed.
"MIR4D_Count" end time: Aug 17 13:14 PDT
"MIR4D_Count" time elapsed: 00:00:00
----------------------------------------------------------

26/37 Testing: MIR4D_Simulation
26/37 Test: MIR4D_Simulation
Command: "/Users/sergejstepovoj/Desktop/mir4d/GitHubMir4D/build-asan/MIR4D_Simulation"
Directory: /Users/sergejstepovoj/Desktop/mir4d/GitHubMir4D/build-asan
"MIR4D_Simulation" start time: Aug 17 13:14 PDT
Output:
----------------------------------------------------------
<end of output>
Test time =   0.19 sec
----------------------------------------------------------
Test Passed.
"MIR4D_Simulation" end time: Aug 17 13:14 PDT
"MIR4D_Simulation" time elapsed: 00:00:00
----------------------------------------------------------

27/37 Testing: MIR4D_CAESimulation
27/37 Test: MIR4D_CAESimulation
Command: "/Users/sergejstepovoj/Desktop/mir4d/GitHubMir4D/build-asan/MIR4D_CAESimulation"
Directory: /Users/sergejstepovoj/Desktop/mir4d/GitHubMir4D/build-asan
"MIR4D_CAESimulation" start time: Aug 17 13:14 PDT
Output:
----------------------------------------------------------
<end of output>
Test time =   0.20 sec
----------------------------------------------------------
Test Passed.
"MIR4D_CAESimulation" end time: Aug 17 13:14 PDT
"MIR4D_CAESimulation" time elapsed: 00:00:00
----------------------------------------------------------

28/37 Testing: MIR4D_CAETest
28/37 Test: MIR4D_CAETest
Command: "/Users/sergejstepovoj/Desktop/mir4d/GitHubMir4D/build-asan/MIR4D_CAETest"
Directory: /Users/sergejstepovoj/Desktop/mir4d/GitHubMir4D/build-asan
"MIR4D_CAETest" start time: Aug 17 13:14 PDT
Output:
----------------------------------------------------------
<end of output>
Test time =   0.20 sec
----------------------------------------------------------
Test Passed.
"MIR4D_CAETest" end time: Aug 17 13:14 PDT
"MIR4D_CAETest" time elapsed: 00:00:00
----------------------------------------------------------

29/37 Testing: MIR4D_CAECampaign
29/37 Test: MIR4D_CAECampaign
Command: "/Users/sergejstepovoj/Desktop/mir4d/GitHubMir4D/build-asan/MIR4D_CAECampaign"
Directory: /Users/sergejstepovoj/Desktop/mir4d/GitHubMir4D/build-asan
"MIR4D_CAECampaign" start time: Aug 17 13:14 PDT
Output:
----------------------------------------------------------
<end of output>
Test time =   0.20 sec
----------------------------------------------------------
Test Passed.
"MIR4D_CAECampaign" end time: Aug 17 13:14 PDT
"MIR4D_CAECampaign" time elapsed: 00:00:00
----------------------------------------------------------

30/37 Testing: MIR4D_CAEController
30/37 Test: MIR4D_CAEController
Command: "/Users/sergejstepovoj/Desktop/mir4d/GitHubMir4D/build-asan/MIR4D_CAEController"
Directory: /Users/sergejstepovoj/Desktop/mir4d/GitHubMir4D/build-asan
"MIR4D_CAEController" start time: Aug 17 13:14 PDT
Output:
----------------------------------------------------------
<end of output>
Test time =   0.20 sec
----------------------------------------------------------
Test Passed.
"MIR4D_CAEController" end time: Aug 17 13:14 PDT
"MIR4D_CAEController" time elapsed: 00:00:00
----------------------------------------------------------

31/37 Testing: MIR4D_CAEJson
31/37 Test: MIR4D_CAEJson
Command: "/Users/sergejstepovoj/Desktop/mir4d/GitHubMir4D/build-asan/MIR4D_CAEJson"
Directory: /Users/sergejstepovoj/Desktop/mir4d/GitHubMir4D/build-asan
"MIR4D_CAEJson" start time: Aug 17 13:14 PDT
Output:
----------------------------------------------------------
<end of output>
Test time =   0.20 sec
----------------------------------------------------------
Test Passed.
"MIR4D_CAEJson" end time: Aug 17 13:14 PDT
"MIR4D_CAEJson" time elapsed: 00:00:00
----------------------------------------------------------

32/37 Testing: MIR4D_CAELoad
32/37 Test: MIR4D_CAELoad
Command: "/Users/sergejstepovoj/Desktop/mir4d/GitHubMir4D/build-asan/MIR4D_CAELoad"
Directory: /Users/sergejstepovoj/Desktop/mir4d/GitHubMir4D/build-asan
"MIR4D_CAELoad" start time: Aug 17 13:14 PDT
Output:
----------------------------------------------------------
<end of output>
Test time =   0.20 sec
----------------------------------------------------------
Test Passed.
"MIR4D_CAELoad" end time: Aug 17 13:14 PDT
"MIR4D_CAELoad" time elapsed: 00:00:00
----------------------------------------------------------

33/37 Testing: MIR4D_CAEExport
33/37 Test: MIR4D_CAEExport
Command: "/Users/sergejstepovoj/Desktop/mir4d/GitHubMir4D/build-asan/MIR4D_CAEExport"
Directory: /Users/sergejstepovoj/Desktop/mir4d/GitHubMir4D/build-asan
"MIR4D_CAEExport" start time: Aug 17 13:14 PDT
Output:
----------------------------------------------------------
CAE export produced 1540 bytes
<end of output>
Test time =   0.20 sec
----------------------------------------------------------
Test Passed.
"MIR4D_CAEExport" end time: Aug 17 13:14 PDT
"MIR4D_CAEExport" time elapsed: 00:00:00
----------------------------------------------------------

34/37 Testing: MIR4D_ExtendedDomains
34/37 Test: MIR4D_ExtendedDomains
Command: "/Users/sergejstepovoj/Desktop/mir4d/GitHubMir4D/build-asan/MIR4D_ExtendedDomains"
Directory: /Users/sergejstepovoj/Desktop/mir4d/GitHubMir4D/build-asan
"MIR4D_ExtendedDomains" start time: Aug 17 13:14 PDT
Output:
----------------------------------------------------------
<end of output>
Test time =   0.19 sec
----------------------------------------------------------
Test Passed.
"MIR4D_ExtendedDomains" end time: Aug 17 13:14 PDT
"MIR4D_ExtendedDomains" time elapsed: 00:00:00
----------------------------------------------------------

35/37 Testing: MIR4D_SceneCommandHistory
35/37 Test: MIR4D_SceneCommandHistory
Command: "/Users/sergejstepovoj/Desktop/mir4d/GitHubMir4D/build-asan/MIR4D_SceneCommandHistory"
Directory: /Users/sergejstepovoj/Desktop/mir4d/GitHubMir4D/build-asan
"MIR4D_SceneCommandHistory" start time: Aug 17 13:14 PDT
Output:
----------------------------------------------------------
<end of output>
Test time =   0.20 sec
----------------------------------------------------------
Test Passed.
"MIR4D_SceneCommandHistory" end time: Aug 17 13:14 PDT
"MIR4D_SceneCommandHistory" time elapsed: 00:00:00
----------------------------------------------------------

36/37 Testing: MIR4D_SelectionState
36/37 Test: MIR4D_SelectionState
Command: "/Users/sergejstepovoj/Desktop/mir4d/GitHubMir4D/build-asan/MIR4D_SelectionState"
Directory: /Users/sergejstepovoj/Desktop/mir4d/GitHubMir4D/build-asan
"MIR4D_SelectionState" start time: Aug 17 13:14 PDT
Output:
----------------------------------------------------------
<end of output>
Test time =   0.19 sec
----------------------------------------------------------
Test Passed.
"MIR4D_SelectionState" end time: Aug 17 13:14 PDT
"MIR4D_SelectionState" time elapsed: 00:00:00
----------------------------------------------------------

37/37 Testing: MIR4D_MathNumeric
37/37 Test: MIR4D_MathNumeric
Command: "/Users/sergejstepovoj/Desktop/mir4d/GitHubMir4D/build-asan/MIR4D_MathNumeric"
Directory: /Users/sergejstepovoj/Desktop/mir4d/GitHubMir4D/build-asan
"MIR4D_MathNumeric" start time: Aug 17 13:14 PDT
Output:
----------------------------------------------------------
MIR4D_MathNumeric: все проверки пройдены
<end of output>
Test time =   0.27 sec
----------------------------------------------------------
Test Passed.
"MIR4D_MathNumeric" end time: Aug 17 13:14 PDT
"MIR4D_MathNumeric" time elapsed: 00:00:00
----------------------------------------------------------

End testing: Aug 17 13:14 PDT
